<?xml version="1.0" encoding="UTF-8"?>
<testng-results ignored="0" total="1" passed="1" failed="0" skipped="0">
  <reporter-output>
  </reporter-output>
  <suite started-at="2024-09-05T10:59:06 IST" name="Suite" finished-at="2024-09-05T10:59:18 IST" duration-ms="12460">
    <groups>
      <group name="regression">
        <method signature="VerifyCartIsEmpty.verifyCartIsEmpty()[pri:0, instance:testCases.VerifyCartIsEmpty@3b0fe47a]" name="verifyCartIsEmpty" class="testCases.VerifyCartIsEmpty"/>
      </group> <!-- regression -->
    </groups>
    <test started-at="2024-09-05T10:59:06 IST" name="chrome" finished-at="2024-09-05T10:59:18 IST" duration-ms="12460">
      <class name="testCases.VerifyCartIsEmpty">
        <test-method is-config="true" signature="login(java.lang.String,java.lang.String)[pri:0, instance:testCases.VerifyCartIsEmpty@3b0fe47a]" started-at="2024-09-05T10:59:06 IST" name="login" finished-at="2024-09-05T10:59:16 IST" duration-ms="10167" status="PASS">
          <params>
            <param index="0">
              <value>
                <![CDATA[windows]]>
              </value>
            </param>
            <param index="1">
              <value>
                <![CDATA[chrome]]>
              </value>
            </param>
          </params>
          <reporter-output>
          </reporter-output>
        </test-method> <!-- login -->
        <test-method signature="verifyCartIsEmpty()[pri:0, instance:testCases.VerifyCartIsEmpty@3b0fe47a]" started-at="2024-09-05T10:59:16 IST" name="verifyCartIsEmpty" finished-at="2024-09-05T10:59:18 IST" duration-ms="1799" status="PASS">
          <reporter-output>
          </reporter-output>
        </test-method> <!-- verifyCartIsEmpty -->
        <test-method is-config="true" signature="close()[pri:0, instance:testCases.VerifyCartIsEmpty@3b0fe47a]" started-at="2024-09-05T10:59:18 IST" name="close" finished-at="2024-09-05T10:59:18 IST" duration-ms="365" status="PASS">
          <reporter-output>
          </reporter-output>
        </test-method> <!-- close -->
      </class> <!-- testCases.VerifyCartIsEmpty -->
    </test> <!-- chrome -->
  </suite> <!-- Suite -->
</testng-results>
